<?xml version="1.0" encoding="UTF-8"?>
<!-- Generated by org.testng.reporters.JUnitXMLReporter -->
<testsuite ignored="0" hostname="19CYFG3" failures="0" tests="4" name="Default test" time="3.073" errors="0" timestamp="2022-06-13T15:53:56 IST">
  <testcase classname="files.DynamicJson" name="AddBook" time="1.977"/>
  <testcase classname="files.DynamicJson" name="AddBook" time="0.422"/>
  <testcase classname="files.DynamicJson" name="AddBook" time="0.313"/>
  <testcase classname="files.DynamicJson" name="AddBook" time="0.322"/>
</testsuite> <!-- Default test -->
