<?xml version="1.0" encoding="UTF-8"?>
<testng-results ignored="0" total="4" passed="4" failed="0" skipped="0">
  <reporter-output>
  </reporter-output>
  <suite started-at="2022-06-13T15:53:53 IST" name="Default suite" finished-at="2022-06-13T15:53:56 IST" duration-ms="3073">
    <groups>
    </groups>
    <test started-at="2022-06-13T15:53:53 IST" name="Default test" finished-at="2022-06-13T15:53:56 IST" duration-ms="3073">
      <class name="files.DynamicJson">
        <test-method signature="AddBook(java.lang.String,java.lang.String)[pri:0, instance:files.DynamicJson@62230c58]" started-at="2022-06-13T15:53:53 IST" name="AddBook" data-provider="BooksData" finished-at="2022-06-13T15:53:55 IST" duration-ms="1977" status="PASS">
          <params>
            <param index="0">
              <value>
                <![CDATA[aide]]>
              </value>
            </param>
            <param index="1">
              <value>
                <![CDATA[635]]>
              </value>
            </param>
          </params>
          <reporter-output>
          </reporter-output>
        </test-method> <!-- AddBook -->
        <test-method signature="AddBook(java.lang.String,java.lang.String)[pri:0, instance:files.DynamicJson@62230c58]" started-at="2022-06-13T15:53:55 IST" name="AddBook" data-provider="BooksData" finished-at="2022-06-13T15:53:55 IST" duration-ms="422" status="PASS">
          <params>
            <param index="0">
              <value>
                <![CDATA[fsd]]>
              </value>
            </param>
            <param index="1">
              <value>
                <![CDATA[345]]>
              </value>
            </param>
          </params>
          <reporter-output>
          </reporter-output>
        </test-method> <!-- AddBook -->
        <test-method signature="AddBook(java.lang.String,java.lang.String)[pri:0, instance:files.DynamicJson@62230c58]" started-at="2022-06-13T15:53:55 IST" name="AddBook" data-provider="BooksData" finished-at="2022-06-13T15:53:56 IST" duration-ms="313" status="PASS">
          <params>
            <param index="0">
              <value>
                <![CDATA[dsf]]>
              </value>
            </param>
            <param index="1">
              <value>
                <![CDATA[23]]>
              </value>
            </param>
          </params>
          <reporter-output>
          </reporter-output>
        </test-method> <!-- AddBook -->
        <test-method signature="AddBook(java.lang.String,java.lang.String)[pri:0, instance:files.DynamicJson@62230c58]" started-at="2022-06-13T15:53:56 IST" name="AddBook" data-provider="BooksData" finished-at="2022-06-13T15:53:56 IST" duration-ms="322" status="PASS">
          <params>
            <param index="0">
              <value>
                <![CDATA[tgh]]>
              </value>
            </param>
            <param index="1">
              <value>
                <![CDATA[434]]>
              </value>
            </param>
          </params>
          <reporter-output>
          </reporter-output>
        </test-method> <!-- AddBook -->
      </class> <!-- files.DynamicJson -->
    </test> <!-- Default test -->
  </suite> <!-- Default suite -->
</testng-results>
